<?xml version="1.0" encoding="UTF-8" ?>
<testsuite errors="0" failures="0" hostname="VIRTUS01-PC" name="tests.Tests" skipped="0" tests="6" time="0.149" timestamp="2020-12-05T16:36:16">
  <properties>
    <property name="java.vendor" value="Oracle Corporation" />
    <property name="lib.dir" value="C:\Users\artur.araujo\eclipse-workspace\GerenciaConfiguracao\lib" />
    <property name="sun.java.launcher" value="SUN_STANDARD" />
    <property name="eclipse.pdebuild.templates" value="C:\Users\artur.araujo\eclipse\jee-2019-122\eclipse\..\..\..\.p2\pool\plugins\org.eclipse.pde.build_3.10.600.v20191011-0535\templates" />
    <property name="sun.management.compiler" value="HotSpot 64-Bit Tiered Compilers" />
    <property name="os.name" value="Windows 10" />
    <property name="sun.boot.class.path" value="C:\Program Files\Java\jdk1.8.0_221\jre\lib\resources.jar;C:\Program Files\Java\jdk1.8.0_221\jre\lib\rt.jar;C:\Program Files\Java\jdk1.8.0_221\jre\lib\sunrsasign.jar;C:\Program Files\Java\jdk1.8.0_221\jre\lib\jsse.jar;C:\Program Files\Java\jdk1.8.0_221\jre\lib\jce.jar;C:\Program Files\Java\jdk1.8.0_221\jre\lib\charsets.jar;C:\Program Files\Java\jdk1.8.0_221\jre\lib\jfr.jar;C:\Program Files\Java\jdk1.8.0_221\jre\classes" />
    <property name="sun.desktop" value="windows" />
    <property name="java.vm.specification.vendor" value="Oracle Corporation" />
    <property name="ant.home" value="C:\Users\artur.araujo\.p2\pool\plugins\org.apache.ant_1.10.7.v20190926-0324" />
    <property name="jar.dir" value="C:\Users\artur.araujo\eclipse-workspace\GerenciaConfiguracao\jar" />
    <property name="java.runtime.version" value="1.8.0_221-b11" />
    <property name="ant.file.type.GerenciaConfiguracao" value="file" />
    <property name="user.name" value="artur.araujo" />
    <property name="build.dir" value="C:\Users\artur.araujo\eclipse-workspace\GerenciaConfiguracao\bin" />
    <property name="user.language" value="pt" />
    <property name="sun.boot.library.path" value="C:\Program Files\Java\jdk1.8.0_221\jre\bin" />
    <property name="reports.dir" value="C:\Users\artur.araujo\eclipse-workspace\GerenciaConfiguracao\testreport" />
    <property name="doc.dir" value="C:\Users\artur.araujo\eclipse-workspace\GerenciaConfiguracao\doc" />
    <property name="ant.project.name" value="GerenciaConfiguracao" />
    <property name="java.version" value="1.8.0_221" />
    <property name="user.timezone" value="" />
    <property name="sun.arch.data.model" value="64" />
    <property name="java.endorsed.dirs" value="C:\Program Files\Java\jdk1.8.0_221\jre\lib\endorsed" />
    <property name="sun.cpu.isalist" value="amd64" />
    <property name="sun.jnu.encoding" value="Cp1252" />
    <property name="file.encoding.pkg" value="sun.io" />
    <property name="file.separator" value="\" />
    <property name="java.specification.name" value="Java Platform API Specification" />
    <property name="java.class.version" value="52.0" />
    <property name="user.country" value="BR" />
    <property name="java.home" value="C:\Program Files\Java\jdk1.8.0_221\jre" />
    <property name="java.vm.info" value="mixed mode" />
    <property name="ant.file" value="C:\Users\artur.araujo\eclipse-workspace\GerenciaConfiguracao\build02.xml" />
    <property name="os.version" value="10.0" />
    <property name="path.separator" value=";" />
    <property name="java.vm.version" value="25.221-b11" />
    <property name="user.variant" value="" />
    <property name="ant.library.dir" value="C:\Users\artur.araujo\.p2\pool\plugins\org.apache.ant_1.10.7.v20190926-0324\lib" />
    <property name="java.awt.printerjob" value="sun.awt.windows.WPrinterJob" />
    <property name="sun.io.unicode.encoding" value="UnicodeLittle" />
    <property name="awt.toolkit" value="sun.awt.windows.WToolkit" />
    <property name="user.script" value="" />
    <property name="eclipse.pdebuild.scripts" value="C:\Users\artur.araujo\eclipse\jee-2019-122\eclipse\..\..\..\.p2\pool\plugins\org.eclipse.pde.build_3.10.600.v20191011-0535\scripts" />
    <property name="user.home" value="C:\Users\artur.araujo" />
    <property name="java.specification.vendor" value="Oracle Corporation" />
    <property name="java.library.path" value="C:\Users\artur.araujo\eclipse\jee-2019-122\eclipse;C:\WINDOWS\Sun\Java\bin;C:\WINDOWS\system32;C:\WINDOWS;C:/Program Files/Java/jdk1.8.0_221/bin/../jre/bin/server;C:/Program Files/Java/jdk1.8.0_221/bin/../jre/bin;C:/Program Files/Java/jdk1.8.0_221/bin/../jre/lib/amd64;C:\Python38\Scripts\;C:\Python38\;C:\Program Files (x86)\Common Files\Oracle\Java\javapath;C:\WINDOWS\system32;C:\WINDOWS;C:\WINDOWS\System32\Wbem;C:\WINDOWS\System32\WindowsPowerShell\v1.0\;C:\WINDOWS\System32\OpenSSH\;C:\Program Files\TortoiseSVN\bin;C:\Program Files\OpenVPN\bin;C:\Program Files\nodejs\;C:\ProgramData\chocolatey\bin;C:\Program Files\Liquid Technologies\Liquid Studio 2020\XmlDataBinder18\Redist18\cpp\win32\bin;C:\Program Files\Liquid Technologies\Liquid Studio 2020\XmlDataBinder18\Redist18\cpp\win64\bin;%MAVEN_HOME%\bin;;C:\Program Files\Docker\Docker\resources\bin;C:\ProgramData\DockerDesktop\version-bin;C:\Program Files\MySQL\MySQL Utilities 1.6\;C:\Users\artur.araujo\AppData\Local\Microsoft\WindowsApps;C:\Users\artur.araujo\AppData\Local\Programs\Microsoft VS Code\bin;C:\Users\artur.araujo\AppData\Roaming\npm;C:\Users\artur.araujo\AppData\Local\GitHubDesktop\bin;C:\WINDOWS\System32;;.;C:\Users\artur.araujo\eclipse\jee-2019-122\eclipse\configuration\org.eclipse.osgi\732\0\.cp" />
    <property name="java.vendor.url" value="http://java.oracle.com/" />
    <property name="java.vm.vendor" value="Oracle Corporation" />
    <property name="java.runtime.name" value="Java(TM) SE Runtime Environment" />
    <property name="sun.java.command" value="org.eclipse.ant.internal.launching.remote.InternalAntRunner -Dorg.eclipse.ant.core.ANT_PROCESS_ID=1607186170329 -Declipse.connect.port=61719 -Declipse.pdebuild.home=C:\Users\artur.araujo\eclipse\jee-2019-122\eclipse\..\..\..\.p2\pool\plugins\org.eclipse.pde.build_3.10.600.v20191011-0535\. -Declipse.pdebuild.scripts=C:\Users\artur.araujo\eclipse\jee-2019-122\eclipse\..\..\..\.p2\pool\plugins\org.eclipse.pde.build_3.10.600.v20191011-0535\scripts -Declipse.pdebuild.templates=C:\Users\artur.araujo\eclipse\jee-2019-122\eclipse\..\..\..\.p2\pool\plugins\org.eclipse.pde.build_3.10.600.v20191011-0535\templates -Dant.home=C:\Users\artur.araujo\.p2\pool\plugins\org.apache.ant_1.10.7.v20190926-0324 -logger org.eclipse.ant.internal.launching.remote.logger.RemoteAntBuildLogger -inputhandler org.eclipse.ant.internal.ui.antsupport.inputhandler.ProxyInputHandler -buildfile C:\Users\artur.araujo\eclipse-workspace\GerenciaConfiguracao\build02.xml main" />
    <property name="java.class.path" value="C:\Users\artur.araujo\.p2\pool\plugins\org.apache.ant_1.10.7.v20190926-0324\lib\ant-antlr.jar;C:\Users\artur.araujo\.p2\pool\plugins\org.apache.ant_1.10.7.v20190926-0324\lib\ant-apache-bcel.jar;C:\Users\artur.araujo\.p2\pool\plugins\org.apache.ant_1.10.7.v20190926-0324\lib\ant-apache-bsf.jar;C:\Users\artur.araujo\.p2\pool\plugins\org.apache.ant_1.10.7.v20190926-0324\lib\ant-apache-log4j.jar;C:\Users\artur.araujo\.p2\pool\plugins\org.apache.ant_1.10.7.v20190926-0324\lib\ant-apache-oro.jar;C:\Users\artur.araujo\.p2\pool\plugins\org.apache.ant_1.10.7.v20190926-0324\lib\ant-apache-regexp.jar;C:\Users\artur.araujo\.p2\pool\plugins\org.apache.ant_1.10.7.v20190926-0324\lib\ant-apache-resolver.jar;C:\Users\artur.araujo\.p2\pool\plugins\org.apache.ant_1.10.7.v20190926-0324\lib\ant-apache-xalan2.jar;C:\Users\artur.araujo\.p2\pool\plugins\org.apache.ant_1.10.7.v20190926-0324\lib\ant-commons-logging.jar;C:\Users\artur.araujo\.p2\pool\plugins\org.apache.ant_1.10.7.v20190926-0324\lib\ant-commons-net.jar;C:\Users\artur.araujo\.p2\pool\plugins\org.apache.ant_1.10.7.v20190926-0324\lib\ant-imageio.jar;C:\Users\artur.araujo\.p2\pool\plugins\org.apache.ant_1.10.7.v20190926-0324\lib\ant-jai.jar;C:\Users\artur.araujo\.p2\pool\plugins\org.apache.ant_1.10.7.v20190926-0324\lib\ant-javamail.jar;C:\Users\artur.araujo\.p2\pool\plugins\org.apache.ant_1.10.7.v20190926-0324\lib\ant-jdepend.jar;C:\Users\artur.araujo\.p2\pool\plugins\org.apache.ant_1.10.7.v20190926-0324\lib\ant-jmf.jar;C:\Users\artur.araujo\.p2\pool\plugins\org.apache.ant_1.10.7.v20190926-0324\lib\ant-jsch.jar;C:\Users\artur.araujo\.p2\pool\plugins\org.apache.ant_1.10.7.v20190926-0324\lib\ant-junit.jar;C:\Users\artur.araujo\.p2\pool\plugins\org.apache.ant_1.10.7.v20190926-0324\lib\ant-junit4.jar;C:\Users\artur.araujo\.p2\pool\plugins\org.apache.ant_1.10.7.v20190926-0324\lib\ant-junitlauncher.jar;C:\Users\artur.araujo\.p2\pool\plugins\org.apache.ant_1.10.7.v20190926-0324\lib\ant-launcher.jar;C:\Users\artur.araujo\.p2\pool\plugins\org.apache.ant_1.10.7.v20190926-0324\lib\ant-netrexx.jar;C:\Users\artur.araujo\.p2\pool\plugins\org.apache.ant_1.10.7.v20190926-0324\lib\ant-swing.jar;C:\Users\artur.araujo\.p2\pool\plugins\org.apache.ant_1.10.7.v20190926-0324\lib\ant-testutil.jar;C:\Users\artur.araujo\.p2\pool\plugins\org.apache.ant_1.10.7.v20190926-0324\lib\ant-xz.jar;C:\Users\artur.araujo\.p2\pool\plugins\org.apache.ant_1.10.7.v20190926-0324\lib\ant.jar;C:\Users\artur.araujo\eclipse\jee-2019-122\eclipse\configuration\org.eclipse.osgi\90\0\.cp\lib\antdebug.jar;C:\Users\artur.araujo\eclipse\jee-2019-122\eclipse\configuration\org.eclipse.osgi\90\0\.cp\lib\remote.jar;C:\Users\artur.araujo\eclipse\jee-2019-122\eclipse\configuration\org.eclipse.osgi\91\0\.cp\lib\remoteAnt.jar;C:\Program Files\Java\jdk1.8.0_221\lib\tools.jar;C:\Users\artur.araujo\.p2\pool\plugins\org.eclipse.swt.win32.win32.x86_64_3.113.0.v20191204-0601.jar" />
    <property name="ant.version" value="Apache Ant(TM) version 1.10.7 compiled on September 1 2019" />
    <property name="java.vm.specification.name" value="Java Virtual Machine Specification" />
    <property name="java.vm.specification.version" value="1.8" />
    <property name="sun.cpu.endian" value="little" />
    <property name="sun.os.patch.level" value="" />
    <property name="eclipse.pdebuild.home" value="C:\Users\artur.araujo\eclipse\jee-2019-122\eclipse\..\..\..\.p2\pool\plugins\org.eclipse.pde.build_3.10.600.v20191011-0535\." />
    <property name="java.io.tmpdir" value="C:\Users\ARTUR~1.ARA\AppData\Local\Temp\" />
    <property name="java.vendor.url.bug" value="http://bugreport.sun.com/bugreport/" />
    <property name="os.arch" value="amd64" />
    <property name="java.awt.graphicsenv" value="sun.awt.Win32GraphicsEnvironment" />
    <property name="java.ext.dirs" value="C:\Program Files\Java\jdk1.8.0_221\jre\lib\ext;C:\WINDOWS\Sun\Java\lib\ext" />
    <property name="user.dir" value="C:\Users\artur.araujo\eclipse-workspace\GerenciaConfiguracao" />
    <property name="line.separator" value="&#xd;&#xa;" />
    <property name="java.vm.name" value="Java HotSpot(TM) 64-Bit Server VM" />
    <property name="basedir" value="C:\Users\artur.araujo\eclipse-workspace\GerenciaConfiguracao" />
    <property name="ant.java.version" value="1.8" />
    <property name="ant.core.lib" value="C:\Users\artur.araujo\.p2\pool\plugins\org.apache.ant_1.10.7.v20190926-0324\lib\ant.jar" />
    <property name="file.encoding" value="UTF-8" />
    <property name="source.dir" value="C:\Users\artur.araujo\eclipse-workspace\GerenciaConfiguracao\src" />
    <property name="ant.file.GerenciaConfiguracao" value="C:\Users\artur.araujo\eclipse-workspace\GerenciaConfiguracao\build02.xml" />
    <property name="java.specification.version" value="1.8" />
    <property name="ant.project.invoked-targets" value="main" />
  </properties>
  <testcase classname="tests.Tests" name="adicionarValorValido" time="0.034" />
  <testcase classname="tests.Tests" name="adicionarValorMenorQueZero" time="0.0" />
  <testcase classname="tests.Tests" name="removerComSucesso" time="0.001" />
  <testcase classname="tests.Tests" name="testarTamanhoComSucesso" time="0.0" />
  <testcase classname="tests.Tests" name="adicionarZero" time="0.0" />
  <testcase classname="tests.Tests" name="removerDeListaVazia" time="0.0" />
  <system-out><![CDATA[2.8776175832526265
3
-1
]]></system-out>
  <system-err><![CDATA[]]></system-err>
</testsuite>
